[+] Starting Mayn Drive Targeted Network Analysis
[+] Mayn Drive targeted network analysis script loaded
[+] Java environment initialized
[+] FirebasePerfOkHttpClient found
[+] Hooking FirebasePerfOkHttpClient.enqueue
[+] Hooking FirebasePerfOkHttpClient.execute
[-] OkHttp3 Client not found: Error: java.lang.ClassNotFoundException: Didn't find class "okhttp3.OkHttpClient" on path: DexPathList[[zip file "/data/app/~~KvakmAuXGCJN2zo_oAb6dw==/fr.mayndrive.app-bnrYDBkYvhYYk4sjWbGwmQ==/base.apk", zip file "/data/app/~~KvakmAuXGCJN2zo_oAb6dw==/fr.mayndrive.app-bnrYDBkYvhYYk4sjWbGwmQ==/split_config.arm64_v8a.apk", zip file "/data/app/~~KvakmAuXGCJN2zo_oAb6dw==/fr.mayndrive.app-bnrYDBkYvhYYk4sjWbGwmQ==/split_config.fr.apk", zip file "/data/app/~~KvakmAuXGCJN2zo_oAb6dw==/fr.mayndrive.app-bnrYDBkYvhYYk4sjWbGwmQ==/split_config.xhdpi.apk"],nativeLibraryDirectories=[/data/app/~~KvakmAuXGCJN2zo_oAb6dw==/fr.mayndrive.app-bnrYDBkYvhYYk4sjWbGwmQ==/lib/arm64, /data/app/~~KvakmAuXGCJN2zo_oAb6dw==/fr.mayndrive.app-bnrYDBkYvhYYk4sjWbGwmQ==/base.apk!/lib/arm64-v8a, /data/app/~~KvakmAuXGCJN2zo_oAb6dw==/fr.mayndrive.app-bnrYDBkYvhYYk4sjWbGwmQ==/split_config.arm64_v8a.apk!/lib/arm64-v8a, /data/app/~~KvakmAuXGCJN2zo_oAb6dw==/fr.mayndrive.app-bnrYDBkYvhYYk4sjWbGwmQ==/split_config.fr.apk!/lib/arm64-v8a, /data/app/~~KvakmAuXGCJN2zo_oAb6dw==/fr.mayndrive.app-bnrYDBkYvhYYk4sjWbGwmQ==/split_config.xhdpi.apk!/lib/arm64-v8a, /system/lib64, /system_ext/lib64]]
[-] OkHttp3 Request not found: Error: java.lang.ClassNotFoundException: Didn't find class "okhttp3.Request" on path: DexPathList[[zip file "/data/app/~~KvakmAuXGCJN2zo_oAb6dw==/fr.mayndrive.app-bnrYDBkYvhYYk4sjWbGwmQ==/base.apk", zip file "/data/app/~~KvakmAuXGCJN2zo_oAb6dw==/fr.mayndrive.app-bnrYDBkYvhYYk4sjWbGwmQ==/split_config.arm64_v8a.apk", zip file "/data/app/~~KvakmAuXGCJN2zo_oAb6dw==/fr.mayndrive.app-bnrYDBkYvhYYk4sjWbGwmQ==/split_config.fr.apk", zip file "/data/app/~~KvakmAuXGCJN2zo_oAb6dw==/fr.mayndrive.app-bnrYDBkYvhYYk4sjWbGwmQ==/split_config.xhdpi.apk"],nativeLibraryDirectories=[/data/app/~~KvakmAuXGCJN2zo_oAb6dw==/fr.mayndrive.app-bnrYDBkYvhYYk4sjWbGwmQ==/lib/arm64, /data/app/~~KvakmAuXGCJN2zo_oAb6dw==/fr.mayndrive.app-bnrYDBkYvhYYk4sjWbGwmQ==/base.apk!/lib/arm64-v8a, /data/app/~~KvakmAuXGCJN2zo_oAb6dw==/fr.mayndrive.app-bnrYDBkYvhYYk4sjWbGwmQ==/split_config.arm64_v8a.apk!/lib/arm64-v8a, /data/app/~~KvakmAuXGCJN2zo_oAb6dw==/fr.mayndrive.app-bnrYDBkYvhYYk4sjWbGwmQ==/split_config.fr.apk!/lib/arm64-v8a, /data/app/~~KvakmAuXGCJN2zo_oAb6dw==/fr.mayndrive.app-bnrYDBkYvhYYk4sjWbGwmQ==/split_config.xhdpi.apk!/lib/arm64-v8a, /system/lib64, /system_ext/lib64]]
[-] OkHttp3 Response not found: Error: java.lang.ClassNotFoundException: Didn't find class "okhttp3.Response" on path: DexPathList[[zip file "/data/app/~~KvakmAuXGCJN2zo_oAb6dw==/fr.mayndrive.app-bnrYDBkYvhYYk4sjWbGwmQ==/base.apk", zip file "/data/app/~~KvakmAuXGCJN2zo_oAb6dw==/fr.mayndrive.app-bnrYDBkYvhYYk4sjWbGwmQ==/split_config.arm64_v8a.apk", zip file "/data/app/~~KvakmAuXGCJN2zo_oAb6dw==/fr.mayndrive.app-bnrYDBkYvhYYk4sjWbGwmQ==/split_config.fr.apk", zip file "/data/app/~~KvakmAuXGCJN2zo_oAb6dw==/fr.mayndrive.app-bnrYDBkYvhYYk4sjWbGwmQ==/split_config.xhdpi.apk"],nativeLibraryDirectories=[/data/app/~~KvakmAuXGCJN2zo_oAb6dw==/fr.mayndrive.app-bnrYDBkYvhYYk4sjWbGwmQ==/lib/arm64, /data/app/~~KvakmAuXGCJN2zo_oAb6dw==/fr.mayndrive.app-bnrYDBkYvhYYk4sjWbGwmQ==/base.apk!/lib/arm64-v8a, /data/app/~~KvakmAuXGCJN2zo_oAb6dw==/fr.mayndrive.app-bnrYDBkYvhYYk4sjWbGwmQ==/split_config.arm64_v8a.apk!/lib/arm64-v8a, /data/app/~~KvakmAuXGCJN2zo_oAb6dw==/fr.mayndrive.app-bnrYDBkYvhYYk4sjWbGwmQ==/split_config.fr.apk!/lib/arm64-v8a, /data/app/~~KvakmAuXGCJN2zo_oAb6dw==/fr.mayndrive.app-bnrYDBkYvhYYk4sjWbGwmQ==/split_config.xhdpi.apk!/lib/arm64-v8a, /system/lib64, /system_ext/lib64]]
[-] Custom interceptors not found: Error: java.lang.ClassNotFoundException: Didn't find class "okhttp3.Interceptor" on path: DexPathList[[zip file "/data/app/~~KvakmAuXGCJN2zo_oAb6dw==/fr.mayndrive.app-bnrYDBkYvhYYk4sjWbGwmQ==/base.apk", zip file "/data/app/~~KvakmAuXGCJN2zo_oAb6dw==/fr.mayndrive.app-bnrYDBkYvhYYk4sjWbGwmQ==/split_config.arm64_v8a.apk", zip file "/data/app/~~KvakmAuXGCJN2zo_oAb6dw==/fr.mayndrive.app-bnrYDBkYvhYYk4sjWbGwmQ==/split_config.fr.apk", zip file "/data/app/~~KvakmAuXGCJN2zo_oAb6dw==/fr.mayndrive.app-bnrYDBkYvhYYk4sjWbGwmQ==/split_config.xhdpi.apk"],nativeLibraryDirectories=[/data/app/~~KvakmAuXGCJN2zo_oAb6dw==/fr.mayndrive.app-bnrYDBkYvhYYk4sjWbGwmQ==/lib/arm64, /data/app/~~KvakmAuXGCJN2zo_oAb6dw==/fr.mayndrive.app-bnrYDBkYvhYYk4sjWbGwmQ==/base.apk!/lib/arm64-v8a, /data/app/~~KvakmAuXGCJN2zo_oAb6dw==/fr.mayndrive.app-bnrYDBkYvhYYk4sjWbGwmQ==/split_config.arm64_v8a.apk!/lib/arm64-v8a, /data/app/~~KvakmAuXGCJN2zo_oAb6dw==/fr.mayndrive.app-bnrYDBkYvhYYk4sjWbGwmQ==/split_config.fr.apk!/lib/arm64-v8a, /data/app/~~KvakmAuXGCJN2zo_oAb6dw==/fr.mayndrive.app-bnrYDBkYvhYYk4sjWbGwmQ==/split_config.xhdpi.apk!/lib/arm64-v8a, /system/lib64, /system_ext/lib64]]
[+] SSLContext found
[+] SharedPreferences found
[+] All Mayn Drive targeted hooks installed successfully

[SSL] SSLContext initialization intercepted
[SSL] Trust managers: 1

[SSL] SSLContext initialization intercepted
[SSL] Trust managers: 1

[SSL] SSLContext initialization intercepted
[SSL] Trust managers: 1

[SSL] SSLContext initialization intercepted
[SSL] Trust managers: 1
[===] FirebasePerfOkHttpClient.execute called
[===] Args: 2
Error: execute(): argument types do not match any of:
	.overload('mh.e')
    at Oo (/frida/bridges/java.js:8)
    at value (/frida/bridges/java.js:8)
    at e (/frida/bridges/java.js:8)
    at apply (native)
    at <anonymous> (/home/blhack/project/Apptest/mayndrive_targeted_hooks.js:30)
    at apply (native)
    at <anonymous> (/frida/bridges/java.js:8)
    at <anonymous> (/frida/bridges/java.js:8)
[===] FirebasePerfOkHttpClient.execute called
[===] Args: 2
Error: execute(): argument types do not match any of:
	.overload('mh.e')
    at Oo (/frida/bridges/java.js:8)
    at value (/frida/bridges/java.js:8)
    at e (/frida/bridges/java.js:8)
    at apply (native)
    at <anonymous> (/home/blhack/project/Apptest/mayndrive_targeted_hooks.js:30)
    at apply (native)
    at <anonymous> (/frida/bridges/java.js:8)
    at <anonymous> (/frida/bridges/java.js:8)
[===] FirebasePerfOkHttpClient.execute called
[===] Args: 2
Error: execute(): argument types do not match any of:
	.overload('mh.e')
    at Oo (/frida/bridges/java.js:8)
    at value (/frida/bridges/java.js:8)
    at e (/frida/bridges/java.js:8)
    at apply (native)
    at <anonymous> (/home/blhack/project/Apptest/mayndrive_targeted_hooks.js:30)
    at apply (native)
    at <anonymous> (/frida/bridges/java.js:8)
    at <anonymous> (/frida/bridges/java.js:8)
[===] FirebasePerfOkHttpClient.execute called
[===] Args: 2
Error: execute(): argument types do not match any of:
	.overload('mh.e')
    at Oo (/frida/bridges/java.js:8)
    at value (/frida/bridges/java.js:8)
    at e (/frida/bridges/java.js:8)
    at apply (native)
    at <anonymous> (/home/blhack/project/Apptest/mayndrive_targeted_hooks.js:30)
    at apply (native)
    at <anonymous> (/frida/bridges/java.js:8)
    at <anonymous> (/frida/bridges/java.js:8)
[===] FirebasePerfOkHttpClient.execute called
[===] Args: 2
Error: execute(): argument types do not match any of:
	.overload('mh.e')
    at Oo (/frida/bridges/java.js:8)
    at value (/frida/bridges/java.js:8)
    at e (/frida/bridges/java.js:8)
    at apply (native)
    at <anonymous> (/home/blhack/project/Apptest/mayndrive_targeted_hooks.js:30)
    at apply (native)
    at <anonymous> (/frida/bridges/java.js:8)
    at <anonymous> (/frida/bridges/java.js:8)
